<?xml version="1.0"?>
<!DOCTYPE emmaconfig SYSTEM "emma02.dtd">

<emmaconfig>
    
    <system>
        <name>RCA Studio II</name>
        <config>Test Cartridge</config>
        <clock>1.76</clock>
        <boot>0</boot>
        <init ef="1">1</init>
        <init ef="2">1</init>
        <init ef="3">1</init>
        <init ef="4">1</init>
        <dirname>StudioII</dirname>
    </system>
    
    <memory>
        <rom type="gui" mask="0x3ff">
            <start>0</start>
            <end>0x3FF</end>
            <pulldown mask="studio2*.*">StudioII</pulldown>
            <filename>studio2.rom</filename>
            <map>0x2000, 0x2800, 0x3000, 0x3800
            </map>
        </rom>

        <rom type="gui" mask="0x3ff" cart="st2">
            <start>0x400</start>
            <end>0x7FF</end>
            <pulldown mask="RCA_TEST*.*">StudioII</pulldown>
            <filename>RCA_TEST_CARTRIDGE_TESTER1.st2</filename>
            <map>0x2400, 0x2c00, 0x3400, 0x3c00, 0x4000, 0x4400, 0x4800, 0x4c00, 0x5000, 0x5400, 0x5800, 0x5c00, 0x6000, 0x6400, 0x6800, 0x6c00, 0x7000, 0x7400, 0x7800, 0x7c00
            </map>
        </rom>

        <ram mask="0x3ff">
            <start>0x800</start>
            <end>0x9FF</end>
            <map>0xc00, 0x1000, 0x1400, 0x1800, 0x1c00, 0x8000, 0x8400, 0x8800, 0x8c00, 0x9000, 0x9400, 0x9800, 0x9c00, 0xa000, 0xa400, 0xa800, 0xac00, 0xb000, 0xb400, 0xb800, 0xbc00, 0xc000, 0xc400, 0xc800, 0xcc00, 0xd000, 0xd400, 0xd800, 0xdc00, 0xe000, 0xe400, 0xe800, 0xec00, 0xf000, 0xf400, 0xf800, 0xfc00
            </map>
        </ram>
    </memory>
    
    <video type="pixie">
        <out>1</out>
        <in>1</in>
        <ef>1</ef>
        <border>33x33</border>
        <color type="fore">255, 255, 255</color>
        <color type="back">0, 0, 0</color>
     </video>

    <keypad type="latch" pad="1">
        <out mask="0x0f">2</out>
        <ef pol="rev">3</ef>
        <auto>on</auto>

        <keydef type="file">keydefinition_studio.txt</keydef>
        
        <diagonal key1="2" key2="4">1</diagonal>
        <diagonal key1="2" key2="6">3</diagonal>
        <diagonal key1="4" key2="8">7</diagonal>
        <diagonal key1="6" key2="8">9</diagonal>
    </keypad>

    <keypad type="latch" pad="2">
        <out mask="0x0f">2</out>
        <ef pol="rev">4</ef>
        <auto>on</auto>

        <diagonal key1="2" key2="4">1</diagonal>
        <diagonal key1="2" key2="6">3</diagonal>
        <diagonal key1="4" key2="8">7</diagonal>
        <diagonal key1="6" key2="8">9</diagonal>
    </keypad>

    <sound type="studio">
    </sound>

    <debugger>
        <scrt mode="off">
            <call reg="4">-1</call>
            <return reg="5">-1</return>
        </scrt>

        <assembler>
            <filename>studiocart_1</filename>
            <code_start>0x400</code_start>
            <code_end>0x7FF</code_end>
        </assembler>

        <assembler>
            <filename>studiocart_2</filename>
            <code_start>0xC00</code_start>
            <code_end>0xFFF</code_end>
        </assembler>
    </debugger>

</emmaconfig>

